<?xml version="1.0" encoding="UTF-8"?>
<testsuite xmlns:xsi="http://www.w3.org/2001/XMLSchema-instance" xsi:noNamespaceSchemaLocation="https://maven.apache.org/surefire/maven-surefire-plugin/xsd/surefire-test-report-3.0.xsd" version="3.0" name="TestSuite" time="44.116" tests="2" errors="0" skipped="0" failures="0">
  <properties>
[...]
</properties>
  <testcase name="completeChallengeAndVerifyLeaderboard" classname="com.au.covidgame.test.CovidTest" time="25.564"/>
  <testcase name="userCreation" classname="com.au.covidgame.test.CovidTest" time="0.546"/>
</testsuite>