<?xml version="1.0" encoding="UTF-8"?>
<testng-results skipped="0" failed="0" ignored="0" total="2" passed="2">
  <reporter-output>
  </reporter-output>
  <suite name="All Test Suite" duration-ms="43698" started-at="2021-07-18T09:48:24Z" finished-at="2021-07-18T09:49:08Z">
    <groups>
    </groups>
    <test name="Test" duration-ms="43698" started-at="2021-07-18T09:48:24Z" finished-at="2021-07-18T09:49:08Z">
      <class name="com.au.covidgame.test.CovidTest">
        <test-method status="PASS" signature="initiateDriver(org.testng.ITestContext)[pri:0, instance:com.au.covidgame.test.CovidTest@6385cb26]" name="initiateDriver" is-config="true" duration-ms="6959" started-at="2021-07-18T09:48:24Z" finished-at="2021-07-18T09:48:31Z">
          <params>
            <param index="0">
              <value>
                <![CDATA[org.testng.TestRunner@572e6fd9]]>
              </value>
            </param>
          </params>
          <reporter-output>
          </reporter-output>
        </test-method> <!-- initiateDriver -->
        <test-method status="PASS" signature="completeChallengeAndVerifyLeaderboard()[pri:0, instance:com.au.covidgame.test.CovidTest@6385cb26]" name="completeChallengeAndVerifyLeaderboard" duration-ms="25565" started-at="2021-07-18T09:48:31Z" finished-at="2021-07-18T09:48:57Z">
          <reporter-output>
          </reporter-output>
        </test-method> <!-- completeChallengeAndVerifyLeaderboard -->
        <test-method status="PASS" signature="tearDown()[pri:0, instance:com.au.covidgame.test.CovidTest@6385cb26]" name="tearDown" is-config="true" duration-ms="1123" started-at="2021-07-18T09:48:58Z" finished-at="2021-07-18T09:48:59Z">
          <reporter-output>
          </reporter-output>
        </test-method> <!-- tearDown -->
        <test-method status="PASS" signature="initiateDriver(org.testng.ITestContext)[pri:0, instance:com.au.covidgame.test.CovidTest@6385cb26]" name="initiateDriver" is-config="true" duration-ms="7273" started-at="2021-07-18T09:48:59Z" finished-at="2021-07-18T09:49:06Z">
          <params>
            <param index="0">
              <value>
                <![CDATA[org.testng.TestRunner@572e6fd9]]>
              </value>
            </param>
          </params>
          <reporter-output>
          </reporter-output>
        </test-method> <!-- initiateDriver -->
        <test-method status="PASS" signature="userCreation()[pri:0, instance:com.au.covidgame.test.CovidTest@6385cb26]" name="userCreation" duration-ms="546" started-at="2021-07-18T09:49:06Z" finished-at="2021-07-18T09:49:07Z">
          <reporter-output>
          </reporter-output>
        </test-method> <!-- userCreation -->
        <test-method status="PASS" signature="tearDown()[pri:0, instance:com.au.covidgame.test.CovidTest@6385cb26]" name="tearDown" is-config="true" duration-ms="1103" started-at="2021-07-18T09:49:07Z" finished-at="2021-07-18T09:49:08Z">
          <reporter-output>
          </reporter-output>
        </test-method> <!-- tearDown -->
      </class> <!-- com.au.covidgame.test.CovidTest -->
    </test> <!-- Test -->
  </suite> <!-- All Test Suite -->
</testng-results>
